<?xml version="1.0" encoding="UTF-8"?>
<testng-results ignored="0" total="1" passed="1" failed="0" skipped="0">
  <reporter-output>
  </reporter-output>
  <suite started-at="2023-11-14T20:39:56 CET" name="Default suite" finished-at="2023-11-14T20:40:02 CET" duration-ms="5662">
    <groups>
    </groups>
    <test started-at="2023-11-14T20:39:56 CET" name="Default test" finished-at="2023-11-14T20:40:02 CET" duration-ms="5662">
      <class name="testCases.FileUploadDemo2">
        <test-method is-config="true" signature="setup()[pri:0, instance:testCases.FileUploadDemo2@399f45b1]" started-at="2023-11-14T20:39:56 CET" name="setup" finished-at="2023-11-14T20:39:58 CET" duration-ms="2034" status="PASS">
          <reporter-output>
          </reporter-output>
        </test-method> <!-- setup -->
        <test-method signature="robotTest()[pri:1, instance:testCases.FileUploadDemo2@399f45b1]" started-at="2023-11-14T20:39:58 CET" name="robotTest" finished-at="2023-11-14T20:40:02 CET" duration-ms="3590" status="PASS">
          <reporter-output>
          </reporter-output>
        </test-method> <!-- robotTest -->
        <test-method is-config="true" signature="tearDown()[pri:0, instance:testCases.FileUploadDemo2@399f45b1]" started-at="2023-11-14T20:40:02 CET" name="tearDown" finished-at="2023-11-14T20:40:02 CET" duration-ms="1" status="PASS">
          <reporter-output>
          </reporter-output>
        </test-method> <!-- tearDown -->
      </class> <!-- testCases.FileUploadDemo2 -->
    </test> <!-- Default test -->
  </suite> <!-- Default suite -->
</testng-results>
